<?xml version="1.0" encoding="UTF-8"?>
<testsuite name="com.test.projet.metric.MetricsAccumulationTest" tests="3" skipped="0" failures="0" errors="0" timestamp="2025-09-24T21:36:56.224Z" hostname="EMMANUELAKA" time="0.09">
  <properties/>
  <testcase name="testAccumulatedMetrics()" classname="com.test.projet.metric.MetricsAccumulationTest" time="0.086"/>
  <testcase name="testMultipleOperationTypes()" classname="com.test.projet.metric.MetricsAccumulationTest" time="0.001"/>
  <testcase name="testFirstMetricCollection()" classname="com.test.projet.metric.MetricsAccumulationTest" time="0.001"/>
  <system-out><![CDATA[]]></system-out>
  <system-err><![CDATA[]]></system-err>
</testsuite>
